<?xml version="1.0" encoding="UTF-8"?>
<testsuite xmlns:xsi="http://www.w3.org/2001/XMLSchema-instance" xsi:noNamespaceSchemaLocation="https://maven.apache.org/surefire/maven-surefire-plugin/xsd/surefire-test-report.xsd" name="meuprimeiroprojeto.DemoApplicationTests" time="1.638" tests="1" errors="0" skipped="0" failures="0">
  <properties>
    <property name="java.specification.version" value="17"/>
    <property name="sun.jnu.encoding" value="UTF-8"/>
    <property name="java.class.path" value="/home/carol/modulos_trybe/Exercicios_java_Trybe/3.2_Introdução_ao_Spring/demo/target/test-classes:/home/carol/modulos_trybe/Exercicios_java_Trybe/3.2_Introdução_ao_Spring/demo/target/classes:/home/carol/.m2/repository/org/springframework/boot/spring-boot-starter/3.0.8/spring-boot-starter-3.0.8.jar:/home/carol/.m2/repository/org/springframework/boot/spring-boot/3.0.8/spring-boot-3.0.8.jar:/home/carol/.m2/repository/org/springframework/spring-context/6.0.10/spring-context-6.0.10.jar:/home/carol/.m2/repository/org/springframework/spring-aop/6.0.10/spring-aop-6.0.10.jar:/home/carol/.m2/repository/org/springframework/spring-beans/6.0.10/spring-beans-6.0.10.jar:/home/carol/.m2/repository/org/springframework/spring-expression/6.0.10/spring-expression-6.0.10.jar:/home/carol/.m2/repository/org/springframework/boot/spring-boot-autoconfigure/3.0.8/spring-boot-autoconfigure-3.0.8.jar:/home/carol/.m2/repository/org/springframework/boot/spring-boot-starter-logging/3.0.8/spring-boot-starter-logging-3.0.8.jar:/home/carol/.m2/repository/ch/qos/logback/logback-classic/1.4.8/logback-classic-1.4.8.jar:/home/carol/.m2/repository/ch/qos/logback/logback-core/1.4.8/logback-core-1.4.8.jar:/home/carol/.m2/repository/org/apache/logging/log4j/log4j-to-slf4j/2.19.0/log4j-to-slf4j-2.19.0.jar:/home/carol/.m2/repository/org/apache/logging/log4j/log4j-api/2.19.0/log4j-api-2.19.0.jar:/home/carol/.m2/repository/org/slf4j/jul-to-slf4j/2.0.7/jul-to-slf4j-2.0.7.jar:/home/carol/.m2/repository/jakarta/annotation/jakarta.annotation-api/2.1.1/jakarta.annotation-api-2.1.1.jar:/home/carol/.m2/repository/org/springframework/spring-core/6.0.10/spring-core-6.0.10.jar:/home/carol/.m2/repository/org/springframework/spring-jcl/6.0.10/spring-jcl-6.0.10.jar:/home/carol/.m2/repository/org/yaml/snakeyaml/1.33/snakeyaml-1.33.jar:/home/carol/.m2/repository/org/springframework/boot/spring-boot-starter-test/3.0.8/spring-boot-starter-test-3.0.8.jar:/home/carol/.m2/repository/org/springframework/boot/spring-boot-test/3.0.8/spring-boot-test-3.0.8.jar:/home/carol/.m2/repository/org/springframework/boot/spring-boot-test-autoconfigure/3.0.8/spring-boot-test-autoconfigure-3.0.8.jar:/home/carol/.m2/repository/com/jayway/jsonpath/json-path/2.7.0/json-path-2.7.0.jar:/home/carol/.m2/repository/net/minidev/json-smart/2.4.11/json-smart-2.4.11.jar:/home/carol/.m2/repository/net/minidev/accessors-smart/2.4.11/accessors-smart-2.4.11.jar:/home/carol/.m2/repository/org/ow2/asm/asm/9.3/asm-9.3.jar:/home/carol/.m2/repository/org/slf4j/slf4j-api/2.0.7/slf4j-api-2.0.7.jar:/home/carol/.m2/repository/jakarta/xml/bind/jakarta.xml.bind-api/4.0.0/jakarta.xml.bind-api-4.0.0.jar:/home/carol/.m2/repository/jakarta/activation/jakarta.activation-api/2.1.2/jakarta.activation-api-2.1.2.jar:/home/carol/.m2/repository/org/assertj/assertj-core/3.23.1/assertj-core-3.23.1.jar:/home/carol/.m2/repository/net/bytebuddy/byte-buddy/1.12.23/byte-buddy-1.12.23.jar:/home/carol/.m2/repository/org/hamcrest/hamcrest/2.2/hamcrest-2.2.jar:/home/carol/.m2/repository/org/junit/jupiter/junit-jupiter/5.9.3/junit-jupiter-5.9.3.jar:/home/carol/.m2/repository/org/junit/jupiter/junit-jupiter-api/5.9.3/junit-jupiter-api-5.9.3.jar:/home/carol/.m2/repository/org/opentest4j/opentest4j/1.2.0/opentest4j-1.2.0.jar:/home/carol/.m2/repository/org/junit/platform/junit-platform-commons/1.9.3/junit-platform-commons-1.9.3.jar:/home/carol/.m2/repository/org/apiguardian/apiguardian-api/1.1.2/apiguardian-api-1.1.2.jar:/home/carol/.m2/repository/org/junit/jupiter/junit-jupiter-params/5.9.3/junit-jupiter-params-5.9.3.jar:/home/carol/.m2/repository/org/junit/jupiter/junit-jupiter-engine/5.9.3/junit-jupiter-engine-5.9.3.jar:/home/carol/.m2/repository/org/junit/platform/junit-platform-engine/1.9.3/junit-platform-engine-1.9.3.jar:/home/carol/.m2/repository/org/mockito/mockito-core/4.8.1/mockito-core-4.8.1.jar:/home/carol/.m2/repository/net/bytebuddy/byte-buddy-agent/1.12.23/byte-buddy-agent-1.12.23.jar:/home/carol/.m2/repository/org/objenesis/objenesis/3.2/objenesis-3.2.jar:/home/carol/.m2/repository/org/mockito/mockito-junit-jupiter/4.8.1/mockito-junit-jupiter-4.8.1.jar:/home/carol/.m2/repository/org/skyscreamer/jsonassert/1.5.1/jsonassert-1.5.1.jar:/home/carol/.m2/repository/com/vaadin/external/google/android-json/0.0.20131108.vaadin1/android-json-0.0.20131108.vaadin1.jar:/home/carol/.m2/repository/org/springframework/spring-test/6.0.10/spring-test-6.0.10.jar:/home/carol/.m2/repository/org/xmlunit/xmlunit-core/2.9.1/xmlunit-core-2.9.1.jar:"/>
    <property name="java.vm.vendor" value="Oracle Corporation"/>
    <property name="sun.arch.data.model" value="64"/>
    <property name="java.vendor.url" value="https://java.oracle.com/"/>
    <property name="os.name" value="Linux"/>
    <property name="java.vm.specification.version" value="17"/>
    <property name="sun.java.launcher" value="SUN_STANDARD"/>
    <property name="user.country" value="BR"/>
    <property name="sun.boot.library.path" value="/usr/lib/jvm/java-17-oracle/lib"/>
    <property name="sun.java.command" value="/home/carol/modulos_trybe/Exercicios_java_Trybe/3.2_Introdução_ao_Spring/demo/target/surefire/surefirebooter916797356408483631.jar /home/carol/modulos_trybe/Exercicios_java_Trybe/3.2_Introdução_ao_Spring/demo/target/surefire 2023-07-17T23-24-03_662-jvmRun1 surefire5256486174576767356tmp surefire_05538977447285051077tmp"/>
    <property name="jdk.debug" value="release"/>
    <property name="surefire.test.class.path" value="/home/carol/modulos_trybe/Exercicios_java_Trybe/3.2_Introdução_ao_Spring/demo/target/test-classes:/home/carol/modulos_trybe/Exercicios_java_Trybe/3.2_Introdução_ao_Spring/demo/target/classes:/home/carol/.m2/repository/org/springframework/boot/spring-boot-starter/3.0.8/spring-boot-starter-3.0.8.jar:/home/carol/.m2/repository/org/springframework/boot/spring-boot/3.0.8/spring-boot-3.0.8.jar:/home/carol/.m2/repository/org/springframework/spring-context/6.0.10/spring-context-6.0.10.jar:/home/carol/.m2/repository/org/springframework/spring-aop/6.0.10/spring-aop-6.0.10.jar:/home/carol/.m2/repository/org/springframework/spring-beans/6.0.10/spring-beans-6.0.10.jar:/home/carol/.m2/repository/org/springframework/spring-expression/6.0.10/spring-expression-6.0.10.jar:/home/carol/.m2/repository/org/springframework/boot/spring-boot-autoconfigure/3.0.8/spring-boot-autoconfigure-3.0.8.jar:/home/carol/.m2/repository/org/springframework/boot/spring-boot-starter-logging/3.0.8/spring-boot-starter-logging-3.0.8.jar:/home/carol/.m2/repository/ch/qos/logback/logback-classic/1.4.8/logback-classic-1.4.8.jar:/home/carol/.m2/repository/ch/qos/logback/logback-core/1.4.8/logback-core-1.4.8.jar:/home/carol/.m2/repository/org/apache/logging/log4j/log4j-to-slf4j/2.19.0/log4j-to-slf4j-2.19.0.jar:/home/carol/.m2/repository/org/apache/logging/log4j/log4j-api/2.19.0/log4j-api-2.19.0.jar:/home/carol/.m2/repository/org/slf4j/jul-to-slf4j/2.0.7/jul-to-slf4j-2.0.7.jar:/home/carol/.m2/repository/jakarta/annotation/jakarta.annotation-api/2.1.1/jakarta.annotation-api-2.1.1.jar:/home/carol/.m2/repository/org/springframework/spring-core/6.0.10/spring-core-6.0.10.jar:/home/carol/.m2/repository/org/springframework/spring-jcl/6.0.10/spring-jcl-6.0.10.jar:/home/carol/.m2/repository/org/yaml/snakeyaml/1.33/snakeyaml-1.33.jar:/home/carol/.m2/repository/org/springframework/boot/spring-boot-starter-test/3.0.8/spring-boot-starter-test-3.0.8.jar:/home/carol/.m2/repository/org/springframework/boot/spring-boot-test/3.0.8/spring-boot-test-3.0.8.jar:/home/carol/.m2/repository/org/springframework/boot/spring-boot-test-autoconfigure/3.0.8/spring-boot-test-autoconfigure-3.0.8.jar:/home/carol/.m2/repository/com/jayway/jsonpath/json-path/2.7.0/json-path-2.7.0.jar:/home/carol/.m2/repository/net/minidev/json-smart/2.4.11/json-smart-2.4.11.jar:/home/carol/.m2/repository/net/minidev/accessors-smart/2.4.11/accessors-smart-2.4.11.jar:/home/carol/.m2/repository/org/ow2/asm/asm/9.3/asm-9.3.jar:/home/carol/.m2/repository/org/slf4j/slf4j-api/2.0.7/slf4j-api-2.0.7.jar:/home/carol/.m2/repository/jakarta/xml/bind/jakarta.xml.bind-api/4.0.0/jakarta.xml.bind-api-4.0.0.jar:/home/carol/.m2/repository/jakarta/activation/jakarta.activation-api/2.1.2/jakarta.activation-api-2.1.2.jar:/home/carol/.m2/repository/org/assertj/assertj-core/3.23.1/assertj-core-3.23.1.jar:/home/carol/.m2/repository/net/bytebuddy/byte-buddy/1.12.23/byte-buddy-1.12.23.jar:/home/carol/.m2/repository/org/hamcrest/hamcrest/2.2/hamcrest-2.2.jar:/home/carol/.m2/repository/org/junit/jupiter/junit-jupiter/5.9.3/junit-jupiter-5.9.3.jar:/home/carol/.m2/repository/org/junit/jupiter/junit-jupiter-api/5.9.3/junit-jupiter-api-5.9.3.jar:/home/carol/.m2/repository/org/opentest4j/opentest4j/1.2.0/opentest4j-1.2.0.jar:/home/carol/.m2/repository/org/junit/platform/junit-platform-commons/1.9.3/junit-platform-commons-1.9.3.jar:/home/carol/.m2/repository/org/apiguardian/apiguardian-api/1.1.2/apiguardian-api-1.1.2.jar:/home/carol/.m2/repository/org/junit/jupiter/junit-jupiter-params/5.9.3/junit-jupiter-params-5.9.3.jar:/home/carol/.m2/repository/org/junit/jupiter/junit-jupiter-engine/5.9.3/junit-jupiter-engine-5.9.3.jar:/home/carol/.m2/repository/org/junit/platform/junit-platform-engine/1.9.3/junit-platform-engine-1.9.3.jar:/home/carol/.m2/repository/org/mockito/mockito-core/4.8.1/mockito-core-4.8.1.jar:/home/carol/.m2/repository/net/bytebuddy/byte-buddy-agent/1.12.23/byte-buddy-agent-1.12.23.jar:/home/carol/.m2/repository/org/objenesis/objenesis/3.2/objenesis-3.2.jar:/home/carol/.m2/repository/org/mockito/mockito-junit-jupiter/4.8.1/mockito-junit-jupiter-4.8.1.jar:/home/carol/.m2/repository/org/skyscreamer/jsonassert/1.5.1/jsonassert-1.5.1.jar:/home/carol/.m2/repository/com/vaadin/external/google/android-json/0.0.20131108.vaadin1/android-json-0.0.20131108.vaadin1.jar:/home/carol/.m2/repository/org/springframework/spring-test/6.0.10/spring-test-6.0.10.jar:/home/carol/.m2/repository/org/xmlunit/xmlunit-core/2.9.1/xmlunit-core-2.9.1.jar:"/>
    <property name="sun.cpu.endian" value="little"/>
    <property name="user.home" value="/home/carol"/>
    <property name="user.language" value="pt"/>
    <property name="java.specification.vendor" value="Oracle Corporation"/>
    <property name="java.version.date" value="2023-01-17"/>
    <property name="java.home" value="/usr/lib/jvm/java-17-oracle"/>
    <property name="file.separator" value="/"/>
    <property name="basedir" value="/home/carol/modulos_trybe/Exercicios_java_Trybe/3.2_Introdução_ao_Spring/demo"/>
    <property name="java.vm.compressedOopsMode" value="32-bit"/>
    <property name="line.separator" value="&#10;"/>
    <property name="java.vm.specification.vendor" value="Oracle Corporation"/>
    <property name="java.specification.name" value="Java Platform API Specification"/>
    <property name="surefire.real.class.path" value="/home/carol/modulos_trybe/Exercicios_java_Trybe/3.2_Introdução_ao_Spring/demo/target/surefire/surefirebooter916797356408483631.jar"/>
    <property name="sun.management.compiler" value="HotSpot 64-Bit Tiered Compilers"/>
    <property name="java.runtime.version" value="17.0.6+9-LTS-190"/>
    <property name="user.name" value="carol"/>
    <property name="path.separator" value=":"/>
    <property name="os.version" value="5.19.0-46-generic"/>
    <property name="java.runtime.name" value="Java(TM) SE Runtime Environment"/>
    <property name="file.encoding" value="UTF-8"/>
    <property name="java.vm.name" value="Java HotSpot(TM) 64-Bit Server VM"/>
    <property name="localRepository" value="/home/carol/.m2/repository"/>
    <property name="java.vendor.url.bug" value="https://bugreport.java.com/bugreport/"/>
    <property name="java.io.tmpdir" value="/tmp"/>
    <property name="java.version" value="17.0.6"/>
    <property name="user.dir" value="/home/carol/modulos_trybe/Exercicios_java_Trybe/3.2_Introdução_ao_Spring/demo"/>
    <property name="os.arch" value="amd64"/>
    <property name="java.vm.specification.name" value="Java Virtual Machine Specification"/>
    <property name="native.encoding" value="UTF-8"/>
    <property name="java.library.path" value="/usr/java/packages/lib:/usr/lib64:/lib64:/lib:/usr/lib"/>
    <property name="java.vm.info" value="mixed mode, sharing"/>
    <property name="java.vendor" value="Oracle Corporation"/>
    <property name="java.vm.version" value="17.0.6+9-LTS-190"/>
    <property name="sun.io.unicode.encoding" value="UnicodeLittle"/>
    <property name="java.class.version" value="61.0"/>
  </properties>
  <testcase name="contextLoads" classname="meuprimeiroprojeto.DemoApplicationTests" time="0.403"/>
</testsuite>